<?xml version="1.0" encoding="UTF-8"?>
<testng-results ignored="0" total="1" passed="1" failed="0" skipped="0">
  <reporter-output>
  </reporter-output>
  <suite started-at="2018-02-28T08:32:36Z" name="com.project.maven.demo.DemoTest" finished-at="2018-02-28T08:32:59Z" duration-ms="22849">
    <groups>
    </groups>
    <test started-at="2018-02-28T08:32:36Z" name="Command line test" finished-at="2018-02-28T08:32:59Z" duration-ms="22849">
      <class name="com.project.maven.demo.DemoTest">
        <test-method signature="f()[pri:0, instance:com.project.maven.demo.DemoTest@2ea227af]" started-at="2018-02-28T14:02:36Z" name="f" finished-at="2018-02-28T14:02:59Z" duration-ms="22831" status="PASS">
          <reporter-output>
          </reporter-output>
        </test-method> <!-- f -->
      </class> <!-- com.project.maven.demo.DemoTest -->
    </test> <!-- Command line test -->
  </suite> <!-- com.project.maven.demo.DemoTest -->
</testng-results>
