<?xml version="1.0" encoding="UTF-8"?>
<testng-results total="1" passed="1" failed="0" skipped="0">
  <reporter-output>
  </reporter-output>
  <suite started-at="2018-03-10T10:50:09Z" name="Suite" finished-at="2018-03-10T10:50:09Z" duration-ms="52">
    <groups>
    </groups>
    <test started-at="2018-03-10T10:50:09Z" name="Test" finished-at="2018-03-10T10:50:09Z" duration-ms="52">
      <class name="Package2.Class1">
        <test-method signature="method1()[pri:0, instance:Package2.Class1@5e5d171f]" started-at="2018-03-10T16:20:09Z" name="method1" finished-at="2018-03-10T16:20:09Z" duration-ms="18" status="PASS">
          <reporter-output>
          </reporter-output>
        </test-method> <!-- method1 -->
      </class> <!-- Package2.Class1 -->
    </test> <!-- Test -->
  </suite> <!-- Suite -->
</testng-results>
