<?xml version="1.0" encoding="UTF-8"?>
<!-- Generated by org.testng.reporters.JUnitXMLReporter -->
<testsuite hostname="DESKTOP-Q39NDVJ" ignored="0" name="ListenerTest" tests="1" failures="1" timestamp="18 Mar 2018 09:07:05 GMT" time="58.057" errors="0">
  <testcase name="TestToFail" time="0.021" classname="Itestliner.TestCases">
    <failure type="java.lang.AssertionError" message="expected [true] but found [false]">
      <![CDATA[java.lang.AssertionError: expected [true] but found [false]
	at Itestliner.TestCases.TestToFail(TestCases.java:32)
... Removed 29 stack frames]]>
    </failure>
  </testcase> <!-- TestToFail -->
</testsuite> <!-- ListenerTest -->
