<?xml version="1.0" encoding="UTF-8"?>
<testng-results ignored="0" total="1" passed="1" failed="0" skipped="0">
  <reporter-output>
  </reporter-output>
  <suite started-at="2018-02-28T08:29:13Z" name="Suite" finished-at="2018-02-28T08:29:42Z" duration-ms="29256">
    <groups>
    </groups>
    <test started-at="2018-02-28T08:29:13Z" name="Test" finished-at="2018-02-28T08:29:42Z" duration-ms="29256">
      <class name="com.project.maven.demo.DemoTest">
        <test-method signature="f()[pri:0, instance:com.project.maven.demo.DemoTest@73e22a3d]" started-at="2018-02-28T08:29:13Z" name="f" finished-at="2018-02-28T08:29:42Z" duration-ms="29206" status="PASS">
          <reporter-output>
          </reporter-output>
        </test-method> <!-- f -->
      </class> <!-- com.project.maven.demo.DemoTest -->
    </test> <!-- Test -->
  </suite> <!-- Suite -->
</testng-results>
