<?xml version="1.0" encoding="UTF-8"?>
<testng-results skipped="0" failed="0" ignored="0" total="1" passed="1">
  <reporter-output>
  </reporter-output>
  <suite name="Default suite" duration-ms="53" started-at="2018-03-10T17:40:37Z" finished-at="2018-03-10T17:40:37Z">
    <groups>
    </groups>
    <test name="Default test" duration-ms="53" started-at="2018-03-10T17:40:37Z" finished-at="2018-03-10T17:40:37Z">
      <class name="Package1.Class1">
        <test-method status="PASS" signature="testOne()[pri:0, instance:Package1.Class1@d8355a8]" name="testOne" duration-ms="15" started-at="2018-03-10T17:40:37Z" finished-at="2018-03-10T17:40:37Z">
          <reporter-output>
          </reporter-output>
        </test-method> <!-- testOne -->
      </class> <!-- Package1.Class1 -->
    </test> <!-- Default test -->
  </suite> <!-- Default suite -->
</testng-results>
