<?xml version="1.0" encoding="UTF-8"?>
<testng-results skipped="0" failed="0" total="5" passed="5">
  <reporter-output>
  </reporter-output>
  <suite name="Suite" duration-ms="53903" started-at="2018-03-17T12:28:10Z" finished-at="2018-03-17T12:29:04Z">
    <groups>
    </groups>
    <test name="testGuru" duration-ms="53903" started-at="2018-03-17T12:28:10Z" finished-at="2018-03-17T12:29:04Z">
      <class name="Firefox.TestGuru99MultipleSession">
        <test-method status="PASS" signature="executSessionFour()[pri:0, instance:Firefox.TestGuru99MultipleSession@5c7fa833]" name="executSessionFour" duration-ms="33606" started-at="2018-03-17T17:58:10Z" finished-at="2018-03-17T17:58:44Z">
          <reporter-output>
          </reporter-output>
        </test-method> <!-- executSessionFour -->
        <test-method status="PASS" signature="executSessionOne()[pri:0, instance:Firefox.TestGuru99MultipleSession@5c7fa833]" name="executSessionOne" duration-ms="23281" started-at="2018-03-17T17:58:10Z" finished-at="2018-03-17T17:58:33Z">
          <reporter-output>
          </reporter-output>
        </test-method> <!-- executSessionOne -->
        <test-method status="PASS" signature="executSessionFive()[pri:0, instance:Firefox.TestGuru99MultipleSession@5c7fa833]" name="executSessionFive" duration-ms="13750" started-at="2018-03-17T17:58:10Z" finished-at="2018-03-17T17:58:24Z">
          <reporter-output>
          </reporter-output>
        </test-method> <!-- executSessionFive -->
        <test-method status="PASS" signature="executSessionThree()[pri:0, instance:Firefox.TestGuru99MultipleSession@5c7fa833]" name="executSessionThree" duration-ms="29586" started-at="2018-03-17T17:58:24Z" finished-at="2018-03-17T17:58:53Z">
          <reporter-output>
          </reporter-output>
        </test-method> <!-- executSessionThree -->
        <test-method status="PASS" signature="executeSessionTwo()[pri:0, instance:Firefox.TestGuru99MultipleSession@5c7fa833]" name="executeSessionTwo" duration-ms="30565" started-at="2018-03-17T17:58:33Z" finished-at="2018-03-17T17:59:04Z">
          <reporter-output>
          </reporter-output>
        </test-method> <!-- executeSessionTwo -->
      </class> <!-- Firefox.TestGuru99MultipleSession -->
    </test> <!-- testGuru -->
  </suite> <!-- Suite -->
</testng-results>
