<?xml version="1.0" encoding="UTF-8"?>
<testng-results skipped="0" failed="0" total="1" passed="1">
  <reporter-output>
  </reporter-output>
  <suite name="Default suite" duration-ms="15357" started-at="2018-03-21T09:09:06Z" finished-at="2018-03-21T09:09:22Z">
    <groups>
    </groups>
    <test name="Default test" duration-ms="15357" started-at="2018-03-21T09:09:06Z" finished-at="2018-03-21T09:09:22Z">
      <class name="DataProviderTest.TestDataProvider">
        <test-method status="PASS" signature="windowhandling()[pri:0, instance:DataProviderTest.TestDataProvider@bef2d72]" name="windowhandling" duration-ms="15336" started-at="2018-03-21T14:39:06Z" finished-at="2018-03-21T14:39:22Z">
          <reporter-output>
          </reporter-output>
        </test-method> <!-- windowhandling -->
      </class> <!-- DataProviderTest.TestDataProvider -->
    </test> <!-- Default test -->
  </suite> <!-- Default suite -->
</testng-results>
