<?xml version="1.0" encoding="UTF-8"?>
<testng-results skipped="0" failed="0" total="4" passed="4">
  <reporter-output>
  </reporter-output>
  <suite name="Suite" duration-ms="152" started-at="2018-03-12T06:38:29Z" finished-at="2018-03-12T06:38:29Z">
    <groups>
    </groups>
    <test name="Test" duration-ms="152" started-at="2018-03-12T06:38:29Z" finished-at="2018-03-12T06:38:29Z">
      <class name="TestPackage.NewTest4">
        <test-method status="PASS" signature="f()[pri:0, instance:TestPackage.NewTest4@7823a2f9]" name="f" duration-ms="2" started-at="2018-03-12T12:08:29Z" finished-at="2018-03-12T12:08:29Z">
          <reporter-output>
          </reporter-output>
        </test-method> <!-- f -->
      </class> <!-- TestPackage.NewTest4 -->
      <class name="TestPackage.NewTest3">
        <test-method status="PASS" signature="f()[pri:0, instance:TestPackage.NewTest3@1b604f19]" name="f" duration-ms="2" started-at="2018-03-12T12:08:29Z" finished-at="2018-03-12T12:08:29Z">
          <reporter-output>
          </reporter-output>
        </test-method> <!-- f -->
      </class> <!-- TestPackage.NewTest3 -->
      <class name="TestPackage.NewTest1">
        <test-method status="PASS" signature="f()[pri:0, instance:TestPackage.NewTest1@1593948d]" name="f" duration-ms="2" started-at="2018-03-12T12:08:29Z" finished-at="2018-03-12T12:08:29Z">
          <reporter-output>
          </reporter-output>
        </test-method> <!-- f -->
      </class> <!-- TestPackage.NewTest1 -->
      <class name="TestPackage.NewTest">
        <test-method status="PASS" signature="f()[pri:0, instance:TestPackage.NewTest@675d3402]" name="f" duration-ms="64" started-at="2018-03-12T12:08:29Z" finished-at="2018-03-12T12:08:29Z">
          <reporter-output>
          </reporter-output>
        </test-method> <!-- f -->
      </class> <!-- TestPackage.NewTest -->
    </test> <!-- Test -->
  </suite> <!-- Suite -->
</testng-results>
