<?xml version="1.0" encoding="UTF-8"?>
<testng-results total="1" passed="1" failed="0" skipped="0">
  <reporter-output>
  </reporter-output>
  <suite started-at="2018-03-01T07:37:09Z" name="Default suite" finished-at="2018-03-01T07:37:27Z" duration-ms="17986">
    <groups>
    </groups>
    <test started-at="2018-03-01T07:37:09Z" name="Default test" finished-at="2018-03-01T07:37:27Z" duration-ms="17986">
      <class name="fdfdf.Demo">
        <test-method signature="f()[pri:0, instance:fdfdf.Demo@7c9d8e2]" started-at="2018-03-01T13:07:09Z" name="f" finished-at="2018-03-01T13:07:27Z" duration-ms="17954" status="PASS">
          <reporter-output>
          </reporter-output>
        </test-method> <!-- f -->
      </class> <!-- fdfdf.Demo -->
    </test> <!-- Default test -->
  </suite> <!-- Default suite -->
</testng-results>
