<?xml version="1.0" encoding="UTF-8"?>
<!-- Generated by org.testng.reporters.JUnitXMLReporter -->
<testsuite hostname="DESKTOP-Q39NDVJ" name="Test" tests="4" failures="0" timestamp="17 Mar 2018 15:47:58 GMT" time="0.064" errors="0">
  <testcase name="f" time="0.022" classname="TestPackage.NewTest3"/>
  <testcase name="f" time="0.022" classname="TestPackage.NewTest4"/>
  <testcase name="f" time="0.022" classname="TestPackage.NewTest1"/>
  <testcase name="f" time="0.022" classname="TestPackage.NewTest"/>
</testsuite> <!-- Test -->
