<?xml version="1.0" encoding="UTF-8"?>
<testng-results skipped="0" failed="0" total="1" passed="1">
  <reporter-output>
  </reporter-output>
  <suite name="Default suite" duration-ms="106" started-at="2018-03-17T17:07:36Z" finished-at="2018-03-17T17:07:36Z">
    <groups>
    </groups>
    <test name="Default test" duration-ms="106" started-at="2018-03-17T17:07:36Z" finished-at="2018-03-17T17:07:36Z">
      <class name="TestPackage.NewTest">
        <test-method status="PASS" signature="f()[pri:0, instance:TestPackage.NewTest@28feb3fa]" name="f" duration-ms="45" started-at="2018-03-17T22:37:36Z" finished-at="2018-03-17T22:37:36Z">
          <reporter-output>
          </reporter-output>
        </test-method> <!-- f -->
      </class> <!-- TestPackage.NewTest -->
    </test> <!-- Default test -->
  </suite> <!-- Default suite -->
</testng-results>
