<?xml version="1.0" encoding="UTF-8"?>
<!-- Generated by org.testng.reporters.JUnitXMLReporter -->
<testsuite hostname="DESKTOP-Q39NDVJ" name="testGuru" tests="5" failures="0" timestamp="17 Mar 2018 12:29:04 GMT" time="53.903" errors="0">
  <testcase name="executSessionFive" time="13.75" classname="Firefox.TestGuru99MultipleSession"/>
  <testcase name="executSessionOne" time="23.281" classname="Firefox.TestGuru99MultipleSession"/>
  <testcase name="executSessionFour" time="33.606" classname="Firefox.TestGuru99MultipleSession"/>
  <testcase name="executSessionThree" time="29.586" classname="Firefox.TestGuru99MultipleSession"/>
  <testcase name="executeSessionTwo" time="30.565" classname="Firefox.TestGuru99MultipleSession"/>
</testsuite> <!-- testGuru -->
