<?xml version="1.0" encoding="UTF-8"?>
<!-- Generated by org.testng.reporters.JUnitXMLReporter -->
<testsuite hostname="DESKTOP-Q39NDVJ" name="Test" tests="4" failures="0" timestamp="12 Mar 2018 06:38:30 GMT" time="0.152" errors="0">
  <testcase name="f" time="0.064" classname="TestPackage.NewTest"/>
  <testcase name="f" time="0.002" classname="TestPackage.NewTest1"/>
  <testcase name="f" time="0.002" classname="TestPackage.NewTest3"/>
  <testcase name="f" time="0.002" classname="TestPackage.NewTest4"/>
</testsuite> <!-- Test -->
